<?xml version="1.0" encoding="UTF-8"?>
<!-- Generated by org.testng.reporters.JUnitReportReporter -->
<testsuite hostname="DESKTOP-07REC6T" failures="0" tests="4" name="test.BookTickets" time="48.585" errors="0" timestamp="2022-07-10T15:22:41 IST" skipped="0">
  <testcase classname="test.BookTickets" name="seatSelection" time="0.967"/>
  <testcase classname="test.BookTickets" name="payment" time="22.433"/>
  <testcase classname="test.BookTickets" name="movieDetails" time="1.628"/>
  <testcase classname="test.BookTickets" name="bookTickets" time="23.557"/>
</testsuite> <!-- test.BookTickets -->
